============================================================
  Generated by:           Genus(TM) Synthesis Solution 20.11-s111_1
  Generated on:           Apr 16 2026  01:19:48 pm
  Module:                 rca_32bit
  Operating conditions:   slow (balanced_tree)
  Wireload mode:          enclosed
  Area mode:              timing library
============================================================


Path 1: MET (12605 ps) Setup Check with Pin sum_out_reg[31]/CK->D
          Group: clk
     Startpoint: (R) a_reg_reg[0]/CK
          Clock: (R) clk
       Endpoint: (R) sum_out_reg[31]/D
          Clock: (R) clk

                     Capture       Launch     
        Clock Edge:+   20000            0     
       Src Latency:+       0            0     
       Net Latency:+       0 (I)        0 (I) 
           Arrival:=   20000            0     
                                              
             Setup:-     222                  
       Uncertainty:-     500                  
     Required Time:=   19278                  
      Launch Clock:-       0                  
         Data Path:-    6673                  
             Slack:=   12605                  

#------------------------------------------------------------------------------------------
#   Timing Point    Flags   Arc   Edge   Cell     Fanout Load Trans Delay Arrival Instance 
#                                                        (fF)  (ps)  (ps)   (ps)  Location 
#------------------------------------------------------------------------------------------
  a_reg_reg[0]/CK   -       -     R     (arrival)     98    -   200     0       0    (-,-) 
  a_reg_reg[0]/Q    -       CK->Q F     SDFFRHQX1      4  7.7    75   399     399    (-,-) 
  g1862/Y           -       A->Y  R     INVXL          1  1.7    46    54     453    (-,-) 
  g1788__8428/Y     -       A->Y  F     MXI2XL         3  4.8   158   132     586    (-,-) 
  g1751__3680/Y     -       A0->Y R     AOI22XL        3  4.8   199   208     793    (-,-) 
  g1747__5526/Y     -       A0->Y F     OAI21XL        3  4.8   164   160     954    (-,-) 
  g1743__4319/Y     -       A0->Y R     AOI22XL        3  4.8   200   209    1163    (-,-) 
  g1739__5107/Y     -       A0->Y F     OAI21XL        2  5.3   174   169    1332    (-,-) 
  g1736__5477/Y     -       A0->Y R     AOI22XL        3  4.8   201   212    1544    (-,-) 
  g1732__7410/Y     -       A0->Y F     OAI21XL        2  5.3   174   169    1712    (-,-) 
  g1729__2346/Y     -       A0->Y R     AOI22XL        3  4.8   201   212    1924    (-,-) 
  g1725__9945/Y     -       A0->Y F     OAI21XL        2  5.3   174   169    2093    (-,-) 
  g1722__6161/Y     -       A0->Y R     AOI22XL        3  4.8   201   212    2305    (-,-) 
  g1718__7482/Y     -       A0->Y F     OAI21XL        2  5.3   174   169    2474    (-,-) 
  g1715__1881/Y     -       A0->Y R     AOI22XL        3  4.8   201   212    2686    (-,-) 
  g1711__7098/Y     -       A0->Y F     OAI21XL        2  5.3   174   169    2855    (-,-) 
  g1708__5122/Y     -       A0->Y R     AOI22XL        3  4.8   201   212    3066    (-,-) 
  g1704__2802/Y     -       A0->Y F     OAI21XL        2  5.3   174   169    3235    (-,-) 
  g1701__3680/Y     -       A0->Y R     AOI22XL        3  4.8   201   212    3447    (-,-) 
  g1697__5526/Y     -       A0->Y F     OAI21XL        2  5.3   174   169    3616    (-,-) 
  g1694__4319/Y     -       A0->Y R     AOI22XL        3  4.8   201   212    3828    (-,-) 
  g1690__5107/Y     -       A0->Y F     OAI21XL        2  5.3   174   169    3997    (-,-) 
  g1687__5477/Y     -       A0->Y R     AOI22XL        3  4.8   201   212    4208    (-,-) 
  g1683__7410/Y     -       A0->Y F     OAI21XL        2  5.3   174   169    4377    (-,-) 
  g1680__2346/Y     -       A0->Y R     AOI22XL        3  4.8   201   212    4589    (-,-) 
  g1676__9945/Y     -       A0->Y F     OAI21XL        2  5.3   174   169    4758    (-,-) 
  g1673__6161/Y     -       A0->Y R     AOI22XL        3  4.8   201   212    4970    (-,-) 
  g1669__7482/Y     -       A0->Y F     OAI21XL        2  5.3   174   169    5139    (-,-) 
  g1666__1881/Y     -       A0->Y R     AOI22XL        3  4.8   201   212    5350    (-,-) 
  g1662__7098/Y     -       A0->Y F     OAI21XL        2  5.3   174   169    5520    (-,-) 
  g1659__5122/Y     -       A0->Y R     AOI22XL        3  4.8   201   212    5731    (-,-) 
  g1655__2802/Y     -       A0->Y F     OAI21XL        2  5.3   174   169    5900    (-,-) 
  g1652__3680/Y     -       A0->Y R     AOI22XL        3  4.8   201   212    6112    (-,-) 
  g1648__5526/Y     -       A0->Y F     OAI21XL        2  5.3   174   169    6281    (-,-) 
  g1645__4319/Y     -       A0->Y R     AOI22XL        3  4.8   201   212    6493    (-,-) 
  g1644/Y           -       A->Y  F     INVXL          1  1.7    73    55    6548    (-,-) 
  g1643__2398/Y     -       A->Y  R     MXI2XL         1  2.8   144   125    6673    (-,-) 
  sum_out_reg[31]/D <<<     -     R     SDFFRHQX2      1    -     -     0    6673    (-,-) 
#------------------------------------------------------------------------------------------

