============================================================
  Generated by:           Genus(TM) Synthesis Solution 20.11-s111_1
  Generated on:           Apr 16 2026  01:19:48 pm
  Module:                 rca_32bit
  Operating conditions:   slow (balanced_tree)
  Wireload mode:          enclosed
  Area mode:              timing library
============================================================

                               
   Gate    Instances    Area   Library 
---------------------------------------
AOI22XL           16    96.883    slow 
BUFX2              7    31.790    slow 
INVXL             65   147.596    slow 
MXI2XL            64   387.533    slow 
NAND2XL           16    48.442    slow 
OAI21XL           16    72.662    slow 
SDFFRHQX1         97  2422.837    slow 
SDFFRHQX2          1    25.735    slow 
---------------------------------------
total            282  3233.477         


                                         
     Type      Instances   Area   Area % 
-----------------------------------------
sequential            98 2448.571   75.7 
inverter              65  147.596    4.6 
buffer                 7   31.790    1.0 
logic                112  605.520   18.7 
physical_cells         0    0.000    0.0 
-----------------------------------------
total                282 3233.477  100.0 

