Starting Command: verify_test_structures 

INFO (TDA-015): Log File: .//testresults/logs/log_verify_test_structures_FULLSCAN_041626132209-566477000 [end TDA_015]

INFO (TSV-900): verify_test_structures processing has started Thu Apr 16 13:22:09 2026    [end TSV_900] 
------------------- verify_test_structures Process Preview ---------------------
  apply constraints ...................................... constraints=yes    
  Print 1 message per source of clock race ............... limitcisource=yes  
  Print 1 Message per capture of clock race .............. limitcicapture=yes 
  Check for mutually exclusive gating logic (MEG) ........ megraces=yes       
  Use raise message severity attributes if they exist .... raisemsgsev=no    
  Reporting options ...................................... report[option]=yes/no 
    Process Preview ......................................   preview=yes     
    Circuit Statistics ...................................   circuit=yes      
    Message Summary ......................................   summary=yes      
    Specific Messages ....................................   specific=yes     
    Tests Status .........................................   status=no       
    Output File Names and Size ...........................   filestats=yes    
    Display messages for cloaked objects .................   cloakedobj=no   
  Rerun verify_test_structures test(s) ................... reruntests=no     
  Use message suppression attributes if they exist ....... suppressmsg=no    
  Test selected .......................................... test[option]=yes/no 
    Analyze test clock control of memory elements ........   testclockusage=yes 
    Analyze three-state drivers for contention ...........   tsdcontention=yes 
    Analyze feedback loops and keeper devices ............   feedback=yes 
    Analyze clock choppers ...............................   clockchopper=yes 
    Analyze flip-flop and latch scan characteristics .....   latchusage=yes 
    Analyze explicit fixed value latches .................   explicitfvlatch=yes 
    Analyze potential clock signal races .................   clocksignalraces=yes 
    Analyze internal scan chains .........................   internalscanchains=yes 

--------------------Circuit Statistics--------------------

INFO (TLM-055): Design Summary
                --------------

Hierarchical Model:                  Flattened Model:
          3,044  Blocks                       2,212  Blocks
          9,608  Pins                         2,212  Nodes
          5,380  Nets

Primary Inputs:                      Primary Outputs:
         70  Input Only                        34  Output Only
          0  Input/Output                       0  Input/Output
         70  Total Inputs                      34  Total Outputs

Tied Nets:                           Dotted Nets:
        196  Tied to 0                          0  Two-State
         98  Tied to 1                          0  Three-State
          0  Tied to X                          0  Total Dotted Nets
        294  Total Tied Nets

Selected Primitive Functions:
          0  Clock Chopper (CHOP) primitives 
          0  RAMs
          0  ROMs
          0  TSDs
          0  Resistors
          0  Transistors
        162  MUX2s
          0  Latches


         98  Rising  Edge Flop w/Set-Dominant and Reset Port
         98  Total Flops

        283  Technology Library Cell Instances

[end TLM_055] 

Test Function Pin Information for Test Mode:  FULLSCAN
-------------------------------------------

          2  SC    (System  Clock)             Pins
          0  PC    (P Shift Clock)             Pins
          1  EC    (E Shift Clock)             Pins

          0  OSC   (Oscillator)                Pins

          0  TI    (Test Inhibit)              Pins
          1  SE    (Scan Enable)               Pins
          0  CI    (Clock Isolation)           Pins
          0  OI    (Output Inhibit)            Pins

          1  SI    (Scan Input)                Pins
          1  SO    (Scan Output)               Pins

  Pin Index    Type Test Function                         Pin Name / Net Name
  ---------    ---- ----------------------------------    -------------------
         66      PI  -SC                                  reset / reset
         65      PI  -EC  -SC                             clk / clk
         67      PI  +SE                                  scan_en / scan_en
         68      PI   SI                                  scan_in / scan_in
         71      PO   SO                                  scan_out / scan_out

  
   Analyze test clocks' control of memory elements    

Analyze test clocks' control of memory elements process has completed.
                             CPU time =  0:00:00.00  Elapsed time =  0:00:00.08
  
   Analyze three-state drivers for contention 

Analyze three-state drivers for contention process has completed.
                             CPU time =  0:00:00.00  Elapsed time =  0:00:00.07
  
   Analyze feedback loops and keeper devices          

Analyze feedback loops and keeper devices process has completed.
                             CPU time =  0:00:00.00  Elapsed time =  0:00:00.07
  
   Analyze clock choppers                             

Analyze clock choppers process has completed.
                             CPU time =  0:00:00.00  Elapsed time =  0:00:00.15
  
   Analyze flip-flop and latch scan characteristics   
INFO (TSV-068): The length of the longest scan chain is 98 bit positions, which is 100% of the average scan chain length 98 (based on 98 total scan chain bits and 1 valid scan chains).   [end TSV_068] 
INFO (TSV-378): Scan chain beginning at 'pin scan_in' and ending at 'pin scan_out' is controllable and observable. The length of the scan chain is 98 bit positions.   [end TSV_378] 
INFO (TSV-567): There are 1 controllable scan chains fed by Scan In (SI) primary inputs.   [end TSV_567] 
INFO (TSV-568): There are 1 observable scan chains feeding to Scan Out (SO) primary outputs.   [end TSV_568] 
INFO (TSV-569): There are 0 controllable scan chains fed by on-product Pattern Generator(s).   [end TSV_569] 
INFO (TSV-570): There are 0 observable scan chains feeding to on-product Multiple-Input Signature Register (MISRs).   [end TSV_570] 

Analyze flip-flop and latch scan characteristics process has completed.
                             CPU time =  0:00:00.01  Elapsed time =  0:00:00.07
  
   Analyze explicit fixed value latches 

Analyze explicit fixed value latches process has completed.
                             CPU time =  0:00:00.00  Elapsed time =  0:00:00.12
  
   Analyze potential clock signal races               
   Check for mutually exclusive gating logic (MEG)    

Analyze potential clock signal races process has completed.
                             CPU time =  0:00:00.00  Elapsed time =  0:00:00.08
  
   Analyze internal scan chains 

Analyze channel inputs for validity process has completed.
                             CPU time =  0:00:00.00  Elapsed time =  0:00:00.06

--------------------File Information----------------------
          57344 .//tbdata/TSVmessageFile.FULLSCAN 

INFO (TSV-908): verify_test_structures processing complete.   [end TSV_908] 

INFO (TDA-001): Maximum Memory used during the run and Cumulative Time in hours:minutes:seconds:

                  Total Memory =            6,528,288  bytes

                      CPU Time =    0:00:00.02
                  Elapsed Time =    0:00:07.80                    [end TDA_001]

     Date Ended:  Thursday Apr 16 13:22:17 2026  IST




-------------------------------------------------------------------------------
*                      Message Summary                                        *
-------------------------------------------------------------------------------
 Count  Number             First Instance of Message Text
------- ------             ------------------------------

  INFO Messages...
      1 INFO (TLM-055): Design Summary
      1 INFO (TSV-068): The length of the longest scan chain is 98 bit positions, which is 100% of the average scan chain length 98 (based on 98 total scan chain bits and 1 valid scan chains).    
      1 INFO (TSV-378): Scan chain beginning at 'pin scan_in' and ending at 'pin scan_out' is controllable and observable. The length of the scan chain is 98 bit positions.    
      1 INFO (TSV-567): There are 1 controllable scan chains fed by Scan In (SI) primary inputs.    
      1 INFO (TSV-568): There are 1 observable scan chains feeding to Scan Out (SO) primary outputs.    
      1 INFO (TSV-569): There are 0 controllable scan chains fed by on-product Pattern Generator(s).    
      1 INFO (TSV-570): There are 0 observable scan chains feeding to on-product Multiple-Input Signature Register (MISRs).    
      1 INFO (TSV-900): verify_test_structures processing has started Thu Apr 16 13:22:09 2026     
      1 INFO (TSV-908): verify_test_structures processing complete.    

 For a detailed explanation of a message and a suggested user response execute 'msgHelp <message id>'.  For example: msgHelp TDA-009

-------------------------------------------------------------------------------
